<?xml version="1.0" encoding="UTF-8"?>
<testng-results ignored="0" total="1" passed="1" failed="0" skipped="0">
  <reporter-output>
    <line>
      <![CDATA[Clicked on Contacts Link]]>
    </line>
    <line>
      <![CDATA[clicked create contact look up image]]>
    </line>
    <line>
      <![CDATA[Contact created successfully]]>
    </line>
    <line>
      <![CDATA[Header captured]]>
    </line>
    <line>
      <![CDATA[Header valiadated]]>
    </line>
  </reporter-output>
  <suite started-at="2023-11-02T17:07:52 IST" name="Suite" finished-at="2023-11-02T17:08:19 IST" duration-ms="27864">
    <groups>
      <group name="ReggressionSuite">
        <method signature="CreateContactTest.createContact()[pri:0, instance:contactsTests.CreateContactTest@7817fd62]" name="createContact" class="contactsTests.CreateContactTest"/>
      </group> <!-- ReggressionSuite -->
      <group name="SmokeSuite">
        <method signature="CreateContactTest.createContact()[pri:0, instance:contactsTests.CreateContactTest@7817fd62]" name="createContact" class="contactsTests.CreateContactTest"/>
      </group> <!-- SmokeSuite -->
    </groups>
    <test started-at="2023-11-02T17:07:52 IST" name="Test" finished-at="2023-11-02T17:08:19 IST" duration-ms="27864">
      <class name="contactsTests.CreateContactTest">
        <test-method is-config="true" signature="bsConfig()[pri:0, instance:contactsTests.CreateContactTest@7817fd62]" started-at="2023-11-02T17:07:52 IST" name="bsConfig" finished-at="2023-11-02T17:07:52 IST" duration-ms="12" status="PASS">
          <reporter-output>
          </reporter-output>
        </test-method> <!-- bsConfig -->
        <test-method is-config="true" signature="bcConfig()[pri:0, instance:contactsTests.CreateContactTest@7817fd62]" started-at="2023-11-02T17:07:52 IST" name="bcConfig" finished-at="2023-11-02T17:07:57 IST" duration-ms="4993" status="PASS">
          <reporter-output>
          </reporter-output>
        </test-method> <!-- bcConfig -->
        <test-method is-config="true" signature="bmConfig()[pri:0, instance:contactsTests.CreateContactTest@7817fd62]" started-at="2023-11-02T17:07:57 IST" name="bmConfig" finished-at="2023-11-02T17:08:00 IST" duration-ms="3737" status="PASS">
          <reporter-output>
          </reporter-output>
        </test-method> <!-- bmConfig -->
        <test-method signature="createContact()[pri:0, instance:contactsTests.CreateContactTest@7817fd62]" started-at="2023-11-02T17:08:00 IST" name="createContact" finished-at="2023-11-02T17:08:15 IST" duration-ms="14729" status="PASS">
          <reporter-output>
            <line>
              <![CDATA[Clicked on Contacts Link]]>
            </line>
            <line>
              <![CDATA[clicked create contact look up image]]>
            </line>
            <line>
              <![CDATA[Contact created successfully]]>
            </line>
            <line>
              <![CDATA[Header captured]]>
            </line>
            <line>
              <![CDATA[Header valiadated]]>
            </line>
          </reporter-output>
        </test-method> <!-- createContact -->
        <test-method is-config="true" signature="amConfig()[pri:0, instance:contactsTests.CreateContactTest@7817fd62]" started-at="2023-11-02T17:08:15 IST" name="amConfig" finished-at="2023-11-02T17:08:19 IST" duration-ms="3446" status="PASS">
          <reporter-output>
          </reporter-output>
        </test-method> <!-- amConfig -->
        <test-method is-config="true" signature="acConfig()[pri:0, instance:contactsTests.CreateContactTest@7817fd62]" started-at="2023-11-02T17:08:19 IST" name="acConfig" finished-at="2023-11-02T17:08:19 IST" duration-ms="892" status="PASS">
          <reporter-output>
          </reporter-output>
        </test-method> <!-- acConfig -->
        <test-method is-config="true" signature="asConfig()[pri:0, instance:contactsTests.CreateContactTest@7817fd62]" started-at="2023-11-02T17:08:20 IST" name="asConfig" finished-at="2023-11-02T17:08:20 IST" duration-ms="1" status="PASS">
          <reporter-output>
          </reporter-output>
        </test-method> <!-- asConfig -->
      </class> <!-- contactsTests.CreateContactTest -->
    </test> <!-- Test -->
  </suite> <!-- Suite -->
</testng-results>
